0920
2-1
2-1.c
2-10
2-10.c
2-11
2-11.c
2-12
2-12.c
2-13
2-13.c
2-15
2-15.c
2-16
2-16.c
2-17
2-17.c
2-18
2-18.c
2-2
2-2.c
2-3
2-3.c
2-4
2-4.c
2-5
2-5.c
2-6
2-6.c
2-7
2-7.c
2-8
2-8.c
2-9
2-9.c
3-1
3-1.c
3-2
3-2.c
3-3
3-3.c
3-4
3-4.c
3-5
3-5.c
3-6
3-6.c
3-7
3-7.c
4-1
4-1.c
4-2
4-2.c
4-5
4-5.c
4-6
4-6.c
4-8
4-8.c
5-1
5-1.c
5-10
5-10.c
5-5
5-5.c
5-6
5-6.c
5-7
5-7.c
5-8
5-8.c
a.out
a.out.dSYM
acctadd
acctadd.c
acctbook.txt
diary1
diary1.c
empty3-2.file
hello3-3.txt
hop3-7.out
input3-1.txt
input3-4.file
input3-5.file
input3-6.file
input4-2.txt
ls.out
mysh0
mysh0.c
mysh3
mysh3.c
mysh4
mysh4.c
mysub.c
mysub.h
myvec.c
myvec.h
output3-4.file
output4-2.txt
phone1.c
phone2
phone2.c
phone2x.dat
tinymining
tinymining.c
